app/proguard/seeds.txt
com.mulitechannel.android.MainActivity
com.mulitechannel.android.R$layout: int activity_main
com.mulitechannel.android.MainActivity: MainActivity()
...
com.google.android.material.snackbar.SnackbarContentLayout: android.widget.Button getActionView()
androidx.appcompat.widget.AppCompatAutoCompleteTextView: void setDropDownBackgroundResource(int)
androidx.appcompat.widget.ActionBarOverlayLayout: void setOverlayMode(boolean)
androidx.appcompat.widget.SwitchCompat: boolean getTargetCheckedState()
androidx.core.graphics.drawable.DrawableCompat$Api21Impl: boolean canApplyTheme(android.graphics.drawable.Drawable)
com.google.android.material.slider.RangeSlider: void setThumbElevation(float)
androidx.appcompat.widget.SearchView: void setOnSuggestionListener(androidx.appcompat.widget.SearchView$OnSuggestionListener)
androidx.fragment.app.FragmentTabHost: void setup()
androidx.appcompat.view.menu.ListMenuItemView: void setForceShowIcon(boolean)
com.google.android.material.navigation.NavigationBarItemView: NavigationBarItemView(android.content.Context)
androidx.appcompat.widget.AppCompatTextView: int getFirstBaselineToTopHeight()
com.google.android.material.floatingactionbutton.ExtendedFloatingActionButton: com.google.android.material.animation.MotionSpec getExtendMotionSpec()
androidx.appcompat.widget.AppCompatSpinner: android.content.res.ColorStateList getSupportBackgroundTintList()
com.google.android.material.navigation.NavigationView: void setItemTextAppearance(int)
androidx.versionedparcelable.CustomVersionedParcelable: CustomVersionedParcelable()
com.google.android.material.floatingactionbutton.FloatingActionButton: void setSupportBackgroundTintMode(android.graphics.PorterDuff$Mode)
com.google.android.material.appbar.CollapsingToolbarLayout: int getCollapsedTitleGravity()
androidx.lifecycle.EmptyActivityLifecycleCallbacks: void onActivityStopped(android.app.Activity)
com.google.android.material.floatingactionbutton.ExtendedFloatingActionButton: void setExtended(boolean)
androidx.recyclerview.widget.RecyclerView: void setRecyclerListener(androidx.recyclerview.widget.RecyclerView$RecyclerListener)
com.google.android.material.circularreveal.CircularRevealFrameLayout: void setCircularRevealOverlayDrawable(android.graphics.drawable.Drawable)
com.google.android.material.datepicker.MaterialCalendar$CalendarSelector: com.google.android.material.datepicker.MaterialCalendar$CalendarSelector valueOf(java.lang.String)
androidx.appcompat.widget.AppCompatCheckedTextView: void setSupportBackgroundTintList(android.content.res.ColorStateList)
androidx.constraintlayout.core.widgets.analyzer.DependencyNode$Type: androidx.constraintlayout.core.widgets.analyzer.DependencyNode$Type[] values()
com.google.android.material.navigation.NavigationBarView: int getItemActiveIndicatorHeight()
com.google.android.material.circularreveal.coordinatorlayout.CircularRevealCoordinatorLayout: void setCircularRevealOverlayDrawable(android.graphics.drawable.Drawable)
com.google.android.material.textfield.TextInputLayout: void setStartIconTintList(android.content.res.ColorStateList)
androidx.appcompat.widget.AppCompatRadioButton: void setSupportBackgroundTintList(android.content.res.ColorStateList)
androidx.viewpager.widget.PagerTabStrip: PagerTabStrip(android.content.Context)
com.google.android.material.textfield.TextInputLayout: void setHintTextAppearance(int)
com.google.android.material.slider.Slider: int getTrackHeight()
androidx.constraintlayout.utils.widget.ImageFilterButton: ImageFilterButton(android.content.Context)
com.google.android.material.card.MaterialCardView: float getRadius()
com.google.android.material.navigation.NavigationBarItemView: void setShifting(boolean)
androidx.appcompat.widget.AppCompatTextView: android.graphics.PorterDuff$Mode getSupportBackgroundTintMode()
androidx.core.view.ViewCompat$Api16Impl: boolean hasTransientState(android.view.View)
androidx.constraintlayout.widget.Guideline: Guideline(android.content.Context,android.util.AttributeSet,int)
com.google.android.material.appbar.CollapsingToolbarLayout: void setContentScrimColor(int)