app/proguard/mapping.txt
# compiler: R8
# compiler_version: 8.0.46
# min_api: 24
# common_typos_disable
# {"id":"com.android.tools.r8.mapping","version":"2.1"}
# pg_map_id: 1805131
# pg_map_hash: SHA-256 18051311ace28202fc911135bf071bc3eef610905366e2fb5fd097215eb36356
com.mulitechannel.android.R$layout -> 跏褭憿鸫厶鳅撮.肌緭:
...
androidx.fragment.app.FragmentTransaction$Op -> androidx.fragment.app.朽劔蚁灋嵿齩鶴琓麃沼瀙缹$肌緭:
    int mPopEnterAnim -> 灞酞輀攼嵞漁綬迹
    int mExitAnim -> 鞈鵚主瀭孩濣痠閕讠陲檓敐
    androidx.fragment.app.Fragment mFragment -> 刻槒唱镧詴
    int mPopExitAnim -> 垡玖
    androidx.lifecycle.Lifecycle$State mCurrentMaxState -> 祴嚚橺谋肬鬧舘
    int mEnterAnim -> 葋申湋骶映鍮秄憁鎓羭
    androidx.lifecycle.Lifecycle$State mOldMaxState -> 旞莍癡
    int mCmd -> 肌緭
    1:1:void <init>(int,androidx.fragment.app.Fragment):0:0 -> <init>
androidx.fragment.app.FragmentTransition -> androidx.fragment.app.瞙餃莴埲:
    androidx.fragment.app.FragmentTransitionImpl SUPPORT_IMPL -> 葋申湋骶映鍮秄憁鎓羭
    androidx.fragment.app.FragmentTransitionImpl PLATFORM_IMPL -> 刻槒唱镧詴
    int[] INVERSE_OPS -> 肌緭
    0:65535:java.lang.Object configureSharedElementsOrdered(androidx.fragment.app.FragmentTransitionImpl,android.view.ViewGroup,android.view.View,androidx.collection.ArrayMap,androidx.fragment.app.FragmentTransition$FragmentContainerTransition,java.util.ArrayList,java.util.ArrayList,java.lang.Object,java.lang.Object):0:0 -> 偣炱嘵蟴峗舟轛
    0:65535:void addToFirstInLastOut(androidx.fragment.app.BackStackRecord,androidx.fragment.app.FragmentTransaction$Op,android.util.SparseArray,boolean,boolean):0:0 -> 刻槒唱镧詴
    0:65535:void replaceHide(androidx.fragment.app.FragmentTransitionImpl,java.lang.Object,androidx.fragment.app.Fragment,java.util.ArrayList):0:0 -> 卝閄侸靤溆鲁扅
    0:65535:void callSharedElementStartEnd(androidx.fragment.app.Fragment,androidx.fragment.app.Fragment,boolean,androidx.collection.ArrayMap,boolean):0:0 -> 垡玖
    0:65535:java.lang.Object mergeTransitions(androidx.fragment.app.FragmentTransitionImpl,java.lang.Object,java.lang.Object,java.lang.Object,androidx.fragment.app.Fragment,boolean):0:0 -> 彻薯铏螙憣欖愡鼭
    0:65535:androidx.fragment.app.FragmentTransitionImpl resolveSupportImpl():0:0 -> 斃燸卺驼暲各撟嫺眧樬硱
    0:65535:boolean canHandleAll(androidx.fragment.app.FragmentTransitionImpl,java.util.List):0:0 -> 旞莍癡
androidx.fragment.app.FragmentTransition$1 -> androidx.fragment.app.瞙餃莴埲$肌緭:
    androidx.fragment.app.Fragment val$outFragment -> 刻槒唱镧詴
    androidx.core.os.CancellationSignal val$signal -> 葋申湋骶映鍮秄憁鎓羭
    androidx.fragment.app.FragmentTransition$Callback val$callback -> 肌緭
    0:65535:void <init>(androidx.fragment.app.FragmentTransition$Callback,androidx.fragment.app.Fragment,androidx.core.os.CancellationSignal):0:0 -> <init>
androidx.fragment.app.FragmentTransition$2 -> androidx.fragment.app.瞙餃莴埲$刻槒唱镧詴:
    java.util.ArrayList val$exitingViews -> 肌緭
androidx.fragment.app.FragmentTransition$3 -> androidx.fragment.app.瞙餃莴埲$葋申湋骶映鍮秄憁鎓羭:
    androidx.fragment.app.Fragment val$outFragment -> 刻槒唱镧詴
    androidx.core.os.CancellationSignal val$signal -> 葋申湋骶映鍮秄憁鎓羭
    androidx.fragment.app.FragmentTransition$Callback val$callback -> 肌緭
    0:65535:void <init>(androidx.fragment.app.FragmentTransition$Callback,androidx.fragment.app.Fragment,androidx.core.os.CancellationSignal):0:0 -> <init>
androidx.fragment.app.FragmentTransition$4 -> androidx.fragment.app.瞙餃莴埲$鞈鵚主瀭孩濣痠閕讠陲檓敐:
    android.view.View val$nonExistentView -> 葋申湋骶映鍮秄憁鎓羭
    java.util.ArrayList val$sharedElementsIn -> 灞酞輀攼嵞漁綬迹
    java.lang.Object val$exitTransition -> 祴嚚橺谋肬鬧舘
    androidx.fragment.app.FragmentTransitionImpl val$impl -> 刻槒唱镧詴
    java.util.ArrayList val$exitingViews -> 旞莍癡
    java.lang.Object val$enterTransition -> 肌緭
    androidx.fragment.app.Fragment val$inFragment -> 鞈鵚主瀭孩濣痠閕讠陲檓敐
    java.util.ArrayList val$enteringViews -> 垡玖