app/proguard/unused.txt
com.mulitechannel.android.R$color
com.mulitechannel.android.R$drawable
com.mulitechannel.android.R$layout:
    private void <init>()
com.mulitechannel.android.R$mipmap
com.mulitechannel.android.R$string
com.mulitechannel.android.R$style
com.mulitechannel.android.R$xml
com.mulitechannel.android.R
...
kotlin.jvm.internal.TypeReference$Companion
kotlin.jvm.internal.TypeReference$WhenMappings
kotlin.jvm.internal.TypeReference$asString$args$1
kotlin.jvm.internal.TypeReference
kotlin.jvm.internal.markers.KMappedMarker
kotlin.jvm.internal.markers.KMutableCollection
kotlin.jvm.internal.markers.KMutableIterable
kotlin.jvm.internal.markers.KMutableIterator
kotlin.jvm.internal.markers.KMutableList
kotlin.jvm.internal.markers.KMutableListIterator
kotlin.jvm.internal.markers.KMutableMap$Entry
kotlin.jvm.internal.markers.KMutableMap
kotlin.jvm.internal.markers.KMutableSet
kotlin.jvm.internal.unsafe.MonitorKt
kotlin.jvm.jdk8.JvmRepeatableKt
kotlin.jvm.optionals.OptionalsKt
kotlin.math.Constants
kotlin.math.MathKt
kotlin.math.MathKt__MathHKt
kotlin.math.MathKt__MathJVMKt
kotlin.math.UMathKt
kotlin.properties.Delegates$observable$1
kotlin.properties.Delegates$vetoable$1
kotlin.properties.Delegates
kotlin.properties.NotNullVar
kotlin.properties.ObservableProperty
kotlin.properties.PropertyDelegateProvider
kotlin.properties.ReadOnlyProperty
kotlin.properties.ReadWriteProperty
kotlin.random.AbstractPlatformRandom
kotlin.random.FallbackThreadLocalRandom$implStorage$1
kotlin.random.FallbackThreadLocalRandom
kotlin.random.KotlinRandom$Companion
kotlin.random.KotlinRandom
kotlin.random.PlatformRandom$Companion
kotlin.random.PlatformRandom
kotlin.random.PlatformRandomKt
kotlin.random.Random$Default$Serialized
kotlin.random.Random$Default
kotlin.random.Random
kotlin.random.RandomKt
kotlin.random.URandomKt
kotlin.random.XorWowRandom$Companion
kotlin.random.XorWowRandom
kotlin.random.jdk8.PlatformThreadLocalRandom
kotlin.ranges.CharProgression$Companion
kotlin.ranges.CharProgression
kotlin.ranges.CharProgressionIterator
kotlin.ranges.CharRange$Companion
kotlin.ranges.CharRange
kotlin.ranges.ClosedDoubleRange
kotlin.ranges.ClosedFloatRange
kotlin.ranges.ClosedFloatingPointRange$DefaultImpls
kotlin.ranges.ClosedFloatingPointRange
kotlin.ranges.ClosedRange$DefaultImpls
kotlin.ranges.ClosedRange
kotlin.ranges.ComparableOpenEndRange
kotlin.ranges.ComparableRange
kotlin.ranges.IntProgression$Companion
kotlin.ranges.IntProgression
kotlin.ranges.IntProgressionIterator
kotlin.ranges.IntRange$Companion
kotlin.ranges.IntRange
kotlin.ranges.LongProgression$Companion
kotlin.ranges.LongProgression
kotlin.ranges.LongProgressionIterator
kotlin.ranges.LongRange$Companion
kotlin.ranges.LongRange
kotlin.ranges.OpenEndDoubleRange
kotlin.ranges.OpenEndFloatRange
kotlin.ranges.OpenEndRange$DefaultImpls
kotlin.ranges.OpenEndRange
kotlin.ranges.RangesKt
kotlin.ranges.RangesKt__RangesKt
kotlin.ranges.RangesKt___RangesKt
kotlin.ranges.UIntProgression$Companion
kotlin.ranges.UIntProgression
kotlin.ranges.UIntProgressionIterator
kotlin.ranges.UIntRange$Companion
kotlin.ranges.UIntRange
kotlin.ranges.ULongProgression$Companion
kotlin.ranges.ULongProgression
kotlin.ranges.ULongProgressionIterator
kotlin.ranges.ULongRange$Companion
kotlin.ranges.ULongRange
kotlin.ranges.URangesKt
kotlin.ranges.URangesKt___URangesKt
kotlin.reflect.GenericArrayTypeImpl
kotlin.reflect.KAnnotatedElement
kotlin.reflect.KCallable$DefaultImpls
kotlin.reflect.KCallable
kotlin.reflect.KClass$DefaultImpls
kotlin.reflect.KClass
kotlin.reflect.KClasses
kotlin.reflect.KClassesImplKt
kotlin.reflect.KClassifier
kotlin.reflect.KDeclarationContainer
kotlin.reflect.KFunction$DefaultImpls
kotlin.reflect.KFunction
kotlin.reflect.KMutableProperty$Setter
kotlin.reflect.KMutableProperty0$Setter
kotlin.reflect.KMutableProperty0
kotlin.reflect.KMutableProperty1$Setter
kotlin.reflect.KMutableProperty1
kotlin.reflect.KMutableProperty2$Setter
kotlin.reflect.KMutableProperty2
kotlin.reflect.KMutableProperty
kotlin.reflect.KParameter$DefaultImpls
kotlin.reflect.KParameter$Kind
kotlin.reflect.KParameter
kotlin.reflect.KProperty$Accessor
kotlin.reflect.KProperty$DefaultImpls
kotlin.reflect.KProperty$Getter
kotlin.reflect.KProperty0$Getter
kotlin.reflect.KProperty0
kotlin.reflect.KProperty1$Getter
kotlin.reflect.KProperty1